2025-05-22 11:38:10,150 [INFO] Activator:176 - 


2025-05-22 11:38:10,158 [INFO] Activator:177 - !SESSION log4j initialized
2025-05-22 11:38:20,577 [INFO] LogOutputStream:77 - [STDOUT_REDIRECT] 
2025-05-22 11:38:22,837 [INFO] ApplicationProperties:184 - Using Application install path: C:\ST\STM32CubeIDE_1.18.0\STM32CubeIDE\plugins\com.st.stm32cube.common.mx_6.14.0.202502271554
2025-05-22 11:38:22,885 [INFO] DbMcusXml:78 - Set database path to: C:\ST\STM32CubeIDE_1.18.0\STM32CubeIDE\plugins\com.st.stm32cube.common.mx_6.14.0.202502271554\\db\/mcu/
2025-05-22 11:38:22,885 [INFO] ApiDb:274 - Set plugin database path to: C:\ST\STM32CubeIDE_1.18.0\STM32CubeIDE\plugins\com.st.stm32cube.common.mx_6.14.0.202502271554\\db\/plugins/boardmanager/
2025-05-22 11:38:22,886 [WARN] ApiDb:259 - Overriding images path with different value:  => C:\ST\STM32CubeIDE_1.18.0\STM32CubeIDE\plugins\com.st.stm32cube.common.mx_6.14.0.202502271554\\db\/plugins/mcufinder/images/
2025-05-22 11:38:22,905 [INFO] ApiDb:250 - Set database path to: C:\Users\damia\.stmcufinder\plugins\mcufinder//mcu/
2025-05-22 11:38:22,908 [INFO] DbMcusAds:125 - Set database path to: C:\Users\damia\.stmcufinder\plugins\mcufinder//mcu/
2025-05-22 11:38:22,914 [INFO] CrossReferenceDbSqlite:203 - Set database path to: C:\Users\damia\.stmcufinder\plugins\mcufinder//mcu/cs/
2025-05-22 11:38:23,198 [INFO] RulesReader:64 - Compatibility file has been processed (301 Rules)
2025-05-22 11:38:23,379 [INFO] DbMcusXml:78 - Set database path to: C:\ST\STM32CubeIDE_1.18.0\STM32CubeIDE\plugins\com.st.stm32cube.common.mx_6.14.0.202502271554\\db\/mcu/
2025-05-22 11:38:23,380 [INFO] ApiDb:274 - Set plugin database path to: C:\ST\STM32CubeIDE_1.18.0\STM32CubeIDE\plugins\com.st.stm32cube.common.mx_6.14.0.202502271554\\db\/plugins/boardmanager/
2025-05-22 11:38:23,380 [INFO] ApiDb:261 - Set plugin images path to: C:\ST\STM32CubeIDE_1.18.0\STM32CubeIDE\plugins\com.st.stm32cube.common.mx_6.14.0.202502271554\\db\/plugins/mcufinder/images/
2025-05-22 11:38:23,381 [WARN] DbFile:41 - Overriding database path with different value: C:\Users\damia\.stmcufinder\plugins\mcufinder/ => C:\Users\damia\.stmcufinder\plugins\mcufinder
2025-05-22 11:38:23,381 [INFO] ApiDb:250 - Set database path to: C:\Users\damia\.stmcufinder\plugins\mcufinder//mcu/
2025-05-22 11:38:23,381 [WARN] DbFile:41 - Overriding database path with different value: C:\Users\damia\.stmcufinder\plugins\mcufinder/ => C:\Users\damia\.stmcufinder\plugins\mcufinder
2025-05-22 11:38:23,381 [INFO] DbMcusAds:125 - Set database path to: C:\Users\damia\.stmcufinder\plugins\mcufinder//mcu/
2025-05-22 11:38:23,382 [WARN] DbFile:41 - Overriding database path with different value: C:\Users\damia\.stmcufinder\plugins\mcufinder/ => C:\Users\damia\.stmcufinder\plugins\mcufinder
2025-05-22 11:38:23,382 [WARN] DbFile:41 - Overriding database path with different value: C:\Users\damia\.stmcufinder\plugins\mcufinder/ => C:\Users\damia\.stmcufinder\plugins\mcufinder
2025-05-22 11:38:23,382 [INFO] CrossReferenceDbSqlite:203 - Set database path to: C:\Users\damia\.stmcufinder\plugins\mcufinder//mcu/cs/
2025-05-22 11:38:23,574 [INFO] MainPanel:272 - HeapMemory: 272629760
2025-05-22 11:38:24,346 [INFO] DbMcusXml:78 - Set database path to: C:\ST\STM32CubeIDE_1.18.0\STM32CubeIDE\plugins\com.st.stm32cube.common.mx_6.14.0.202502271554\\db\/mcu/
2025-05-22 11:38:24,346 [INFO] ApiDb:274 - Set plugin database path to: C:\ST\STM32CubeIDE_1.18.0\STM32CubeIDE\plugins\com.st.stm32cube.common.mx_6.14.0.202502271554\\db\/plugins/boardmanager/
2025-05-22 11:38:24,346 [INFO] ApiDb:261 - Set plugin images path to: C:\ST\STM32CubeIDE_1.18.0\STM32CubeIDE\plugins\com.st.stm32cube.common.mx_6.14.0.202502271554\\db\/plugins/mcufinder/images/
2025-05-22 11:38:24,349 [WARN] DbFile:41 - Overriding database path with different value: C:\Users\damia\.stmcufinder\plugins\mcufinder/ => C:\Users\damia\.stmcufinder\plugins\mcufinder
2025-05-22 11:38:24,350 [INFO] ApiDb:250 - Set database path to: C:\Users\damia\.stmcufinder\plugins\mcufinder//mcu/
2025-05-22 11:38:24,350 [WARN] DbFile:41 - Overriding database path with different value: C:\Users\damia\.stmcufinder\plugins\mcufinder/ => C:\Users\damia\.stmcufinder\plugins\mcufinder
2025-05-22 11:38:24,351 [INFO] DbMcusAds:125 - Set database path to: C:\Users\damia\.stmcufinder\plugins\mcufinder//mcu/
2025-05-22 11:38:24,352 [WARN] DbFile:41 - Overriding database path with different value: C:\Users\damia\.stmcufinder\plugins\mcufinder/ => C:\Users\damia\.stmcufinder\plugins\mcufinder
2025-05-22 11:38:24,352 [WARN] DbFile:41 - Overriding database path with different value: C:\Users\damia\.stmcufinder\plugins\mcufinder/ => C:\Users\damia\.stmcufinder\plugins\mcufinder
2025-05-22 11:38:24,352 [INFO] CrossReferenceDbSqlite:203 - Set database path to: C:\Users\damia\.stmcufinder\plugins\mcufinder//mcu/cs/
2025-05-22 11:38:24,451 [INFO] ApplicationProperties:184 - Using Application install path: C:\ST\STM32CubeIDE_1.18.0\STM32CubeIDE\plugins\com.st.stm32cube.common.mx_6.14.0.202502271554
2025-05-22 11:38:24,461 [INFO] PluginManage:196 - Search for loadable plugins [exclusion list=, ]
2025-05-22 11:38:24,471 [INFO] PluginManage:310 - Check plugin analytics
2025-05-22 11:38:25,246 [INFO] AnalyticsPlugin:253 - Accepted Software Licenses: 
2025-05-22 11:38:25,247 [INFO] AnalyticsPlugin:255 - Accepted CMSIS Pack Licenses: 
2025-05-22 11:38:25,248 [INFO] AnalyticsPlugin:257 - Accepted Firmware Licenses: FW.F4.1.28.0
2025-05-22 11:38:25,257 [INFO] PluginManage:359 - Loaded plugin analytics (category:tool,tabindex:-1)
2025-05-22 11:38:25,257 [INFO] PluginManage:310 - Check plugin cadmodel
2025-05-22 11:38:25,275 [INFO] CADModel:105 - Init CAD model plugin
2025-05-22 11:38:25,275 [INFO] PluginManage:359 - Loaded plugin cadmodel (category:power,tabindex:5)
2025-05-22 11:38:25,276 [INFO] PluginManage:310 - Check plugin clock
2025-05-22 11:38:25,326 [INFO] PluginManage:359 - Loaded plugin clock (category:base,tabindex:2)
2025-05-22 11:38:25,329 [INFO] PluginManage:310 - Check plugin ddr
2025-05-22 11:38:25,343 [INFO] PluginManage:359 - Loaded plugin ddr (category:tool,tabindex:6)
2025-05-22 11:38:25,344 [INFO] PluginManage:310 - Check plugin filemanager
2025-05-22 11:38:25,859 [INFO] PluginManage:359 - Loaded plugin filemanager (category:base,tabindex:10)
2025-05-22 11:38:25,860 [INFO] PluginManage:310 - Check plugin ipmanager
2025-05-22 11:38:25,878 [INFO] PluginManage:359 - Loaded plugin ipmanager (category:base,tabindex:5)
2025-05-22 11:38:25,879 [INFO] PluginManage:310 - Check plugin lpbam
2025-05-22 11:38:25,908 [INFO] PluginManage:359 - Loaded plugin lpbam (category:base,tabindex:0)
2025-05-22 11:38:25,911 [INFO] PluginManage:310 - Check plugin memorymap
2025-05-22 11:38:25,955 [INFO] PluginManage:359 - Loaded plugin memorymap (category:base,tabindex:4)
2025-05-22 11:38:25,956 [INFO] PluginManage:310 - Check plugin pinoutandconfiguration
2025-05-22 11:38:25,984 [INFO] PluginManage:359 - Loaded plugin pinoutandconfiguration (category:base,tabindex:1)
2025-05-22 11:38:25,985 [INFO] PluginManage:310 - Check plugin pinoutconfig
2025-05-22 11:38:26,336 [WARN] SupportedApi:132 - Cannot load RTOS API schema: s4s-elt-must-match.1: The content of 'definitions' must match (annotation?, (simpleType | complexType)?, (unique | key | keyref)*)). A problem was found starting at: attribute.
2025-05-22 11:38:26,782 [INFO] PluginManage:359 - Loaded plugin pinoutconfig (category:base,tabindex:0)
2025-05-22 11:38:26,782 [INFO] PluginManage:310 - Check plugin power
2025-05-22 11:38:26,815 [INFO] PluginManage:359 - Loaded plugin power (category:power,tabindex:4)
2025-05-22 11:38:26,815 [INFO] PluginManage:310 - Check plugin projectmanager
2025-05-22 11:38:26,867 [INFO] PluginManage:359 - Loaded plugin projectmanager (category:projectmanager,tabindex:4)
2025-05-22 11:38:26,867 [INFO] PluginManage:310 - Check plugin rif
2025-05-22 11:38:26,888 [INFO] PluginManage:359 - Loaded plugin rif (category:base,tabindex:3)
2025-05-22 11:38:26,888 [INFO] PluginManage:310 - Check plugin thirdparty
2025-05-22 11:38:27,343 [INFO] PluginManage:359 - Loaded plugin thirdparty (category:base,tabindex:-1)
2025-05-22 11:38:27,344 [INFO] PluginManage:310 - Check plugin tools
2025-05-22 11:38:27,348 [WARN] IntegrityCheckThread:84 - waiting for thirdparty lock release [integrity check]
2025-05-22 11:38:27,354 [INFO] IntegrityCheckThread:86 - entering critical section [integrity check]
2025-05-22 11:38:27,356 [INFO] ThirdPartyUpdaterWithRetryManager:70 - Updater plugin not ready yet. [1/15]
2025-05-22 11:38:27,357 [INFO] PluginManage:359 - Loaded plugin tools (category:base,tabindex:7)
2025-05-22 11:38:27,358 [INFO] PluginManage:310 - Check plugin tutovideos
2025-05-22 11:38:28,066 [INFO] PluginManage:359 - Loaded plugin tutovideos (category:base,tabindex:-1)
2025-05-22 11:38:28,066 [INFO] PluginManage:310 - Check plugin updater
2025-05-22 11:38:28,180 [INFO] PluginManage:359 - Loaded plugin updater (category:base,tabindex:12)
2025-05-22 11:38:28,181 [INFO] PluginManage:310 - Check plugin userauth
2025-05-22 11:38:28,193 [INFO] UserAuth:118 - Init User Auth plugin
2025-05-22 11:38:28,195 [INFO] PluginManage:359 - Loaded plugin userauth (category:base,tabindex:14)
2025-05-22 11:38:28,196 [INFO] PluginManage:283 - PluginManage : Loaded plugins [18]
2025-05-22 11:38:28,818 [INFO] PinOutPanel:1589 - setPackage(No Configuration,No Configuration)
2025-05-22 11:38:29,075 [INFO] CADModel:165 - CPN selected for project level
2025-05-22 11:38:29,075 [INFO] CADModel:114 - Register for checkConnection events
2025-05-22 11:38:29,116 [INFO] IPUIPlugin:80 - create IPUIPlugin
2025-05-22 11:38:29,117 [INFO] PluginManager:220 - loadIPPluginJar : add adc
2025-05-22 11:38:29,127 [INFO] IPUIPlugin:80 - create IPUIPlugin
2025-05-22 11:38:29,127 [INFO] PluginManager:220 - loadIPPluginJar : add aes
2025-05-22 11:38:29,136 [INFO] IPUIPlugin:80 - create IPUIPlugin
2025-05-22 11:38:29,136 [INFO] PluginManager:220 - loadIPPluginJar : add can
2025-05-22 11:38:29,140 [INFO] IPUIPlugin:80 - create IPUIPlugin
2025-05-22 11:38:29,141 [INFO] PluginManager:220 - loadIPPluginJar : add comp
2025-05-22 11:38:29,148 [INFO] IPUIPlugin:80 - create IPUIPlugin
2025-05-22 11:38:29,148 [INFO] PluginManager:220 - loadIPPluginJar : add cryp
2025-05-22 11:38:29,154 [INFO] IPUIPlugin:80 - create IPUIPlugin
2025-05-22 11:38:29,155 [INFO] PluginManager:220 - loadIPPluginJar : add ddr_ctrl_phy
2025-05-22 11:38:29,159 [INFO] IPUIPlugin:80 - create IPUIPlugin
2025-05-22 11:38:29,160 [INFO] PluginManager:220 - loadIPPluginJar : add dfsdm
2025-05-22 11:38:29,170 [INFO] IPUIPlugin:80 - create IPUIPlugin
2025-05-22 11:38:29,171 [INFO] PluginManager:220 - loadIPPluginJar : add dma
2025-05-22 11:38:29,178 [INFO] IPUIPlugin:80 - create IPUIPlugin
2025-05-22 11:38:29,178 [INFO] PluginManager:220 - loadIPPluginJar : add dma3
2025-05-22 11:38:29,185 [INFO] IPUIPlugin:80 - create IPUIPlugin
2025-05-22 11:38:29,185 [INFO] PluginManager:220 - loadIPPluginJar : add extmemmanager
2025-05-22 11:38:29,190 [INFO] IPUIPlugin:80 - create IPUIPlugin
2025-05-22 11:38:29,190 [INFO] PluginManager:220 - loadIPPluginJar : add fatfs
2025-05-22 11:38:29,203 [INFO] IPUIPlugin:80 - create IPUIPlugin
2025-05-22 11:38:29,203 [INFO] PluginManager:220 - loadIPPluginJar : add fmc
2025-05-22 11:38:29,216 [INFO] IPUIPlugin:80 - create IPUIPlugin
2025-05-22 11:38:29,216 [INFO] PluginManager:220 - loadIPPluginJar : add freertos
2025-05-22 11:38:29,222 [INFO] IPUIPlugin:80 - create IPUIPlugin
2025-05-22 11:38:29,222 [INFO] PluginManager:220 - loadIPPluginJar : add genericplugin
2025-05-22 11:38:29,231 [INFO] IPUIPlugin:80 - create IPUIPlugin
2025-05-22 11:38:29,231 [INFO] PluginManager:220 - loadIPPluginJar : add gfxmmu
2025-05-22 11:38:29,242 [INFO] IPUIPlugin:80 - create IPUIPlugin
2025-05-22 11:38:29,242 [INFO] PluginManager:220 - loadIPPluginJar : add gic
2025-05-22 11:38:29,252 [INFO] IPUIPlugin:80 - create IPUIPlugin
2025-05-22 11:38:29,252 [INFO] PluginManager:220 - loadIPPluginJar : add gpio
2025-05-22 11:38:29,258 [INFO] IPUIPlugin:80 - create IPUIPlugin
2025-05-22 11:38:29,258 [INFO] PluginManager:220 - loadIPPluginJar : add gtzc
2025-05-22 11:38:29,263 [INFO] IPUIPlugin:80 - create IPUIPlugin
2025-05-22 11:38:29,264 [INFO] PluginManager:220 - loadIPPluginJar : add hash
2025-05-22 11:38:29,269 [INFO] IPUIPlugin:80 - create IPUIPlugin
2025-05-22 11:38:29,270 [INFO] PluginManager:220 - loadIPPluginJar : add i2c
2025-05-22 11:38:29,275 [INFO] IPUIPlugin:80 - create IPUIPlugin
2025-05-22 11:38:29,275 [INFO] PluginManager:220 - loadIPPluginJar : add i2s
2025-05-22 11:38:29,282 [INFO] IPUIPlugin:80 - create IPUIPlugin
2025-05-22 11:38:29,282 [INFO] PluginManager:220 - loadIPPluginJar : add i3c
2025-05-22 11:38:29,290 [INFO] IPUIPlugin:80 - create IPUIPlugin
2025-05-22 11:38:29,290 [INFO] PluginManager:220 - loadIPPluginJar : add ipddr
2025-05-22 11:38:29,305 [INFO] IPUIPlugin:80 - create IPUIPlugin
2025-05-22 11:38:29,306 [INFO] PluginManager:220 - loadIPPluginJar : add linkedlist
2025-05-22 11:38:29,313 [INFO] IPUIPlugin:80 - create IPUIPlugin
2025-05-22 11:38:29,313 [INFO] PluginManager:220 - loadIPPluginJar : add lorawan
2025-05-22 11:38:29,317 [INFO] IPUIPlugin:80 - create IPUIPlugin
2025-05-22 11:38:29,318 [INFO] PluginManager:220 - loadIPPluginJar : add ltdc
2025-05-22 11:38:29,332 [INFO] IPUIPlugin:80 - create IPUIPlugin
2025-05-22 11:38:29,332 [INFO] PluginManager:220 - loadIPPluginJar : add mdma
2025-05-22 11:38:29,341 [INFO] IPUIPlugin:80 - create IPUIPlugin
2025-05-22 11:38:29,342 [INFO] PluginManager:220 - loadIPPluginJar : add nvic
2025-05-22 11:38:29,368 [INFO] IPUIPlugin:80 - create IPUIPlugin
2025-05-22 11:38:29,369 [INFO] PluginManager:220 - loadIPPluginJar : add opamp
2025-05-22 11:38:29,376 [INFO] IPUIPlugin:80 - create IPUIPlugin
2025-05-22 11:38:29,376 [INFO] PluginManager:220 - loadIPPluginJar : add openamp
2025-05-22 11:38:29,384 [INFO] IPUIPlugin:80 - create IPUIPlugin
2025-05-22 11:38:29,384 [INFO] PluginManager:220 - loadIPPluginJar : add pdm2pcm
2025-05-22 11:38:29,397 [INFO] IPUIPlugin:80 - create IPUIPlugin
2025-05-22 11:38:29,403 [INFO] PluginManager:220 - loadIPPluginJar : add plateformsettings
2025-05-22 11:38:29,413 [INFO] IPUIPlugin:80 - create IPUIPlugin
2025-05-22 11:38:29,413 [INFO] PluginManager:220 - loadIPPluginJar : add quadspi
2025-05-22 11:38:29,418 [INFO] IPUIPlugin:80 - create IPUIPlugin
2025-05-22 11:38:29,420 [INFO] PluginManager:220 - loadIPPluginJar : add radio
2025-05-22 11:38:29,433 [INFO] IPUIPlugin:80 - create IPUIPlugin
2025-05-22 11:38:29,434 [INFO] PluginManager:220 - loadIPPluginJar : add resmgrutility
2025-05-22 11:38:29,446 [INFO] IPUIPlugin:80 - create IPUIPlugin
2025-05-22 11:38:29,446 [INFO] PluginManager:220 - loadIPPluginJar : add sai
2025-05-22 11:38:29,453 [INFO] IPUIPlugin:80 - create IPUIPlugin
2025-05-22 11:38:29,453 [INFO] PluginManager:220 - loadIPPluginJar : add spi
2025-05-22 11:38:29,468 [INFO] IPUIPlugin:80 - create IPUIPlugin
2025-05-22 11:38:29,468 [INFO] PluginManager:220 - loadIPPluginJar : add stm32_wpan
2025-05-22 11:38:29,472 [INFO] IPUIPlugin:80 - create IPUIPlugin
2025-05-22 11:38:29,473 [INFO] PluginManager:220 - loadIPPluginJar : add tim
2025-05-22 11:38:29,482 [INFO] IPUIPlugin:80 - create IPUIPlugin
2025-05-22 11:38:29,482 [INFO] PluginManager:220 - loadIPPluginJar : add touchsensing
2025-05-22 11:38:29,488 [INFO] IPUIPlugin:80 - create IPUIPlugin
2025-05-22 11:38:29,488 [INFO] PluginManager:220 - loadIPPluginJar : add tracer_emb
2025-05-22 11:38:29,493 [INFO] IPUIPlugin:80 - create IPUIPlugin
2025-05-22 11:38:29,493 [INFO] PluginManager:220 - loadIPPluginJar : add ts
2025-05-22 11:38:29,500 [INFO] IPUIPlugin:80 - create IPUIPlugin
2025-05-22 11:38:29,501 [INFO] PluginManager:220 - loadIPPluginJar : add tsc
2025-05-22 11:38:29,508 [INFO] IPUIPlugin:80 - create IPUIPlugin
2025-05-22 11:38:29,508 [INFO] PluginManager:220 - loadIPPluginJar : add ucpd
2025-05-22 11:38:29,518 [INFO] IPUIPlugin:80 - create IPUIPlugin
2025-05-22 11:38:29,518 [INFO] PluginManager:220 - loadIPPluginJar : add usart
2025-05-22 11:38:29,531 [INFO] IPUIPlugin:80 - create IPUIPlugin
2025-05-22 11:38:29,532 [INFO] PluginManager:220 - loadIPPluginJar : add usbx
2025-05-22 11:38:29,813 [FATAL] Updater:351 - Updater called before beeing initialized
2025-05-22 11:38:29,913 [INFO] RulesReader:64 - Compatibility file has been processed (301 Rules)
2025-05-22 11:38:29,962 [INFO] RulesReader:64 - Compatibility file has been processed (301 Rules)
2025-05-22 11:38:29,991 [INFO] CADModel:165 - CPN selected for project level
2025-05-22 11:38:29,991 [INFO] CADModel:114 - Register for checkConnection events
2025-05-22 11:38:29,991 [FATAL] Updater:351 - Updater called before beeing initialized
2025-05-22 11:38:29,992 [ERROR] CADModel:125 - Updater not yet initialized, retry later 
2025-05-22 11:38:30,357 [INFO] ThirdPartyUpdaterWithRetryManager:70 - Updater plugin not ready yet. [2/15]
2025-05-22 11:38:30,570 [FATAL] Updater:351 - Updater called before beeing initialized
2025-05-22 11:38:30,612 [INFO] CADModel:165 - CPN selected for project level
2025-05-22 11:38:30,613 [INFO] CADModel:114 - Register for checkConnection events
2025-05-22 11:38:30,614 [FATAL] Updater:351 - Updater called before beeing initialized
2025-05-22 11:38:30,615 [ERROR] CADModel:125 - Updater not yet initialized, retry later 
2025-05-22 11:38:30,627 [FATAL] Updater:351 - Updater called before beeing initialized
2025-05-22 11:38:31,043 [FATAL] Updater:351 - Updater called before beeing initialized
2025-05-22 11:38:31,053 [INFO] DbMcusAds:53 - JSON generation date=Thu Mar 06 15:54:21 CET 2025 (1741272861825)
2025-05-22 11:38:31,054 [FATAL] Updater:351 - Updater called before beeing initialized
2025-05-22 11:38:31,151 [WARN] DetailPanel:346 - Failed to get advertising image, set to default
2025-05-22 11:38:31,946 [FATAL] Updater:351 - Updater called before beeing initialized
2025-05-22 11:38:31,950 [FATAL] Updater:351 - Updater called before beeing initialized
2025-05-22 11:38:31,950 [FATAL] Updater:351 - Updater called before beeing initialized
2025-05-22 11:38:31,950 [WARN] DetailPanel:346 - Failed to get advertising image, set to default
2025-05-22 11:38:31,953 [FATAL] Updater:351 - Updater called before beeing initialized
2025-05-22 11:38:32,065 [ERROR] Updater:1198 - MainUpdater not yet initialized. External WinMGr cannot be set.
2025-05-22 11:38:32,070 [INFO] Updater:1134 - Updater Version found : 6.14.0
2025-05-22 11:38:32,114 [INFO] ApplicationProperties:184 - Using Application install path: C:\ST\STM32CubeIDE_1.18.0\STM32CubeIDE\plugins\com.st.stm32cube.common.mx_6.14.0.202502271554
2025-05-22 11:38:33,361 [FATAL] Updater:351 - Updater called before beeing initialized
2025-05-22 11:38:33,361 [ERROR] IntegrityCheckThread:130 - Cannot retrieve database content from updater: error 21
2025-05-22 11:38:33,362 [INFO] ThirdParty:978 - Integrity check success = false
2025-05-22 11:38:33,363 [INFO] IntegrityCheckThread:100 - exiting critical section [integrity check]
2025-05-22 11:38:33,363 [INFO] IntegrityCheckThread:103 - End integrity checks thread
2025-05-22 11:38:33,711 [ERROR] LogOutputStream:75 - [STDERR_REDIRECT] May 22, 2025 11:38:33 AM java.util.prefs.WindowsPreferences <init>
2025-05-22 11:38:33,715 [ERROR] LogOutputStream:75 - [STDERR_REDIRECT] WARNING: Could not open/create prefs root node Software\JavaSoft\Prefs at root 0xffffffff80000002. Windows RegCreateKeyEx(...) returned error code 5.
2025-05-22 11:38:33,716 [ERROR] LogOutputStream:75 - [STDERR_REDIRECT] 
2025-05-22 11:38:34,826 [INFO] MainUpdater:2872 - connection check result : 10
2025-05-22 11:38:34,827 [INFO] MainUpdater:3566 - Updater definition file requires update
2025-05-22 11:38:34,832 [INFO] MainUpdater:289 - Updater Check For Update Now.
2025-05-22 11:38:34,833 [INFO] MicroXplorer:498 - Change Database Version : DB.6.0.140
2025-05-22 11:38:34,865 [INFO] McuFinderGlobals:63 - Set McuFinder mode to 2 (CubeIDE integrated)
2025-05-22 11:38:34,867 [INFO] UserAuth:486 - Internet connection configuration mode: 1
2025-05-22 11:38:34,934 [INFO] JxBrowserEngine:152 - Initiate JxBrowser Engine with user profile folder
2025-05-22 11:38:35,052 [INFO] ServerAccessManage:473 - Download File updaters.zip
2025-05-22 11:38:35,310 [INFO] FileExtend:242 - Unzip File : updaters.zip
2025-05-22 11:38:35,311 [INFO] FileExtend:257 - Standard Zip Deflate
2025-05-22 11:38:36,012 [INFO] ServerAccessManage:473 - Download File PacksControlFlags.xml
2025-05-22 11:38:36,287 [INFO] ServerAccessManage:473 - Download File cubemx.pidx
2025-05-22 11:38:37,791 [INFO] ServerAccessManage:473 - Download File STMicroelectronics.X-CUBE-FREERTOS.pdsc
2025-05-22 11:38:38,415 [INFO] WebApp:169 - Instantiating new browser for Auth
2025-05-22 11:38:39,176 [INFO] ServerAccessManage:473 - Download File STMicroelectronics.X-CUBE-ST60.pdsc
2025-05-22 11:38:39,190 [ERROR] ServerAccessManage:1139 - Warning during Server Connection :  Invalid URL no protocol: STMicroelectronics.X-CUBE-ST60.1.0.0.pack
2025-05-22 11:38:40,132 [INFO] WebApp:463 - Apply proxy settings
2025-05-22 11:38:40,133 [INFO] WebApp:548 - Chromium requires no authentication
2025-05-22 11:38:40,180 [INFO] WebApp:491 - Direct internet connection detected
2025-05-22 11:38:40,270 [INFO] WebApp:894 - Register for checkConnection events
2025-05-22 11:38:40,270 [INFO] WebApp:463 - Apply proxy settings
2025-05-22 11:38:40,271 [INFO] WebApp:548 - Chromium requires no authentication
2025-05-22 11:38:40,272 [INFO] WebApp:491 - Direct internet connection detected
2025-05-22 11:38:40,589 [INFO] WebApp:191 - Connection restablished
2025-05-22 11:38:40,856 [INFO] CheckServerUpdateThread:120 - End of CheckServer Thread
2025-05-22 11:38:40,978 [WARN] PackLoader:240 - Cannot read IP mode file for STMicroelectronics.X-CUBE-FREERTOS.1.3.1
2025-05-22 11:38:41,017 [WARN] PackLoader:240 - Cannot read IP mode file for STMicroelectronics.X-CUBE-ST60.1.0.0
2025-05-22 11:38:41,051 [INFO] PopulateThirdPartyThread:66 - Ending populate Thread
2025-05-22 11:38:41,075 [INFO] ThirdParty:1030 - CMSIS Pack Vendor :STMicroelectronics X-CUBE-FREERTOS 1.3.1
2025-05-22 11:38:41,079 [INFO] ThirdParty:1030 - CMSIS Pack Vendor :STMicroelectronics X-CUBE-ST60 1.0.0
2025-05-22 11:38:41,081 [INFO] LoadServerUpdatesThread:375 - End of LoadServerUpdate Thread
2025-05-22 11:38:41,225 [INFO] WebApp:225 - Starting web application
2025-05-22 11:38:41,226 [INFO] WebApp:593 - Web application path used C:\ST\STM32CubeIDE_1.18.0\STM32CubeIDE\plugins\com.st.stm32cube.common.mx_6.14.0.202502271554\db\plugins\mcufinder\reactClient1\index.html
2025-05-22 11:38:41,597 [INFO] UserAuth:486 - Internet connection configuration mode: 1
2025-05-22 11:43:53,557 [ERROR] LogOutputStream:75 - [STDERR_REDIRECT] 
2025-05-22 11:43:53,559 [ERROR] LogOutputStream:75 - [STDERR_REDIRECT] 
