2025-05-27 14:49:39,984 [INFO] Activator:176 - 


2025-05-27 14:49:39,989 [INFO] Activator:177 - !SESSION log4j initialized
2025-05-27 14:49:45,459 [INFO] LogOutputStream:77 - [STDOUT_REDIRECT] 
2025-05-27 14:49:46,405 [INFO] ApplicationProperties:184 - Using Application install path: C:\ST\STM32CubeIDE_1.18.0\STM32CubeIDE\plugins\com.st.stm32cube.common.mx_6.14.0.202502271554
2025-05-27 14:49:46,425 [INFO] DbMcusXml:78 - Set database path to: C:\ST\STM32CubeIDE_1.18.0\STM32CubeIDE\plugins\com.st.stm32cube.common.mx_6.14.0.202502271554\\db\/mcu/
2025-05-27 14:49:46,425 [INFO] ApiDb:274 - Set plugin database path to: C:\ST\STM32CubeIDE_1.18.0\STM32CubeIDE\plugins\com.st.stm32cube.common.mx_6.14.0.202502271554\\db\/plugins/boardmanager/
2025-05-27 14:49:46,425 [WARN] ApiDb:259 - Overriding images path with different value:  => C:\ST\STM32CubeIDE_1.18.0\STM32CubeIDE\plugins\com.st.stm32cube.common.mx_6.14.0.202502271554\\db\/plugins/mcufinder/images/
2025-05-27 14:49:46,434 [INFO] ApiDb:250 - Set database path to: C:\Users\damia\.stmcufinder\plugins\mcufinder//mcu/
2025-05-27 14:49:46,435 [INFO] DbMcusAds:125 - Set database path to: C:\Users\damia\.stmcufinder\plugins\mcufinder//mcu/
2025-05-27 14:49:46,438 [INFO] CrossReferenceDbSqlite:203 - Set database path to: C:\Users\damia\.stmcufinder\plugins\mcufinder//mcu/cs/
2025-05-27 14:49:46,577 [INFO] RulesReader:64 - Compatibility file has been processed (301 Rules)
2025-05-27 14:49:46,689 [INFO] DbMcusXml:78 - Set database path to: C:\ST\STM32CubeIDE_1.18.0\STM32CubeIDE\plugins\com.st.stm32cube.common.mx_6.14.0.202502271554\\db\/mcu/
2025-05-27 14:49:46,689 [INFO] ApiDb:274 - Set plugin database path to: C:\ST\STM32CubeIDE_1.18.0\STM32CubeIDE\plugins\com.st.stm32cube.common.mx_6.14.0.202502271554\\db\/plugins/boardmanager/
2025-05-27 14:49:46,689 [INFO] ApiDb:261 - Set plugin images path to: C:\ST\STM32CubeIDE_1.18.0\STM32CubeIDE\plugins\com.st.stm32cube.common.mx_6.14.0.202502271554\\db\/plugins/mcufinder/images/
2025-05-27 14:49:46,690 [WARN] DbFile:41 - Overriding database path with different value: C:\Users\damia\.stmcufinder\plugins\mcufinder/ => C:\Users\damia\.stmcufinder\plugins\mcufinder
2025-05-27 14:49:46,690 [INFO] ApiDb:250 - Set database path to: C:\Users\damia\.stmcufinder\plugins\mcufinder//mcu/
2025-05-27 14:49:46,690 [WARN] DbFile:41 - Overriding database path with different value: C:\Users\damia\.stmcufinder\plugins\mcufinder/ => C:\Users\damia\.stmcufinder\plugins\mcufinder
2025-05-27 14:49:46,690 [INFO] DbMcusAds:125 - Set database path to: C:\Users\damia\.stmcufinder\plugins\mcufinder//mcu/
2025-05-27 14:49:46,690 [WARN] DbFile:41 - Overriding database path with different value: C:\Users\damia\.stmcufinder\plugins\mcufinder/ => C:\Users\damia\.stmcufinder\plugins\mcufinder
2025-05-27 14:49:46,690 [WARN] DbFile:41 - Overriding database path with different value: C:\Users\damia\.stmcufinder\plugins\mcufinder/ => C:\Users\damia\.stmcufinder\plugins\mcufinder
2025-05-27 14:49:46,690 [INFO] CrossReferenceDbSqlite:203 - Set database path to: C:\Users\damia\.stmcufinder\plugins\mcufinder//mcu/cs/
2025-05-27 14:49:46,786 [INFO] MainPanel:272 - HeapMemory: 268435456
2025-05-27 14:49:46,902 [INFO] DbMcusXml:78 - Set database path to: C:\ST\STM32CubeIDE_1.18.0\STM32CubeIDE\plugins\com.st.stm32cube.common.mx_6.14.0.202502271554\\db\/mcu/
2025-05-27 14:49:46,902 [INFO] ApiDb:274 - Set plugin database path to: C:\ST\STM32CubeIDE_1.18.0\STM32CubeIDE\plugins\com.st.stm32cube.common.mx_6.14.0.202502271554\\db\/plugins/boardmanager/
2025-05-27 14:49:46,902 [INFO] ApiDb:261 - Set plugin images path to: C:\ST\STM32CubeIDE_1.18.0\STM32CubeIDE\plugins\com.st.stm32cube.common.mx_6.14.0.202502271554\\db\/plugins/mcufinder/images/
2025-05-27 14:49:46,902 [WARN] DbFile:41 - Overriding database path with different value: C:\Users\damia\.stmcufinder\plugins\mcufinder/ => C:\Users\damia\.stmcufinder\plugins\mcufinder
2025-05-27 14:49:46,902 [INFO] ApiDb:250 - Set database path to: C:\Users\damia\.stmcufinder\plugins\mcufinder//mcu/
2025-05-27 14:49:46,903 [WARN] DbFile:41 - Overriding database path with different value: C:\Users\damia\.stmcufinder\plugins\mcufinder/ => C:\Users\damia\.stmcufinder\plugins\mcufinder
2025-05-27 14:49:46,903 [INFO] DbMcusAds:125 - Set database path to: C:\Users\damia\.stmcufinder\plugins\mcufinder//mcu/
2025-05-27 14:49:46,903 [WARN] DbFile:41 - Overriding database path with different value: C:\Users\damia\.stmcufinder\plugins\mcufinder/ => C:\Users\damia\.stmcufinder\plugins\mcufinder
2025-05-27 14:49:46,903 [WARN] DbFile:41 - Overriding database path with different value: C:\Users\damia\.stmcufinder\plugins\mcufinder/ => C:\Users\damia\.stmcufinder\plugins\mcufinder
2025-05-27 14:49:46,903 [INFO] CrossReferenceDbSqlite:203 - Set database path to: C:\Users\damia\.stmcufinder\plugins\mcufinder//mcu/cs/
2025-05-27 14:49:46,927 [INFO] ApplicationProperties:184 - Using Application install path: C:\ST\STM32CubeIDE_1.18.0\STM32CubeIDE\plugins\com.st.stm32cube.common.mx_6.14.0.202502271554
2025-05-27 14:49:46,929 [INFO] PluginManage:196 - Search for loadable plugins [exclusion list=, ]
2025-05-27 14:49:46,930 [INFO] PluginManage:310 - Check plugin analytics
2025-05-27 14:49:47,156 [INFO] AnalyticsPlugin:253 - Accepted Software Licenses: 
2025-05-27 14:49:47,156 [INFO] AnalyticsPlugin:255 - Accepted CMSIS Pack Licenses: 
2025-05-27 14:49:47,156 [INFO] AnalyticsPlugin:257 - Accepted Firmware Licenses: FW.F4.1.28.0
2025-05-27 14:49:47,160 [INFO] PluginManage:359 - Loaded plugin analytics (category:tool,tabindex:-1)
2025-05-27 14:49:47,160 [INFO] PluginManage:310 - Check plugin cadmodel
2025-05-27 14:49:47,168 [INFO] CADModel:105 - Init CAD model plugin
2025-05-27 14:49:47,168 [INFO] PluginManage:359 - Loaded plugin cadmodel (category:power,tabindex:5)
2025-05-27 14:49:47,168 [INFO] PluginManage:310 - Check plugin clock
2025-05-27 14:49:47,182 [INFO] PluginManage:359 - Loaded plugin clock (category:base,tabindex:2)
2025-05-27 14:49:47,182 [INFO] PluginManage:310 - Check plugin ddr
2025-05-27 14:49:47,185 [INFO] PluginManage:359 - Loaded plugin ddr (category:tool,tabindex:6)
2025-05-27 14:49:47,186 [INFO] PluginManage:310 - Check plugin filemanager
2025-05-27 14:49:47,348 [INFO] PluginManage:359 - Loaded plugin filemanager (category:base,tabindex:10)
2025-05-27 14:49:47,348 [INFO] PluginManage:310 - Check plugin ipmanager
2025-05-27 14:49:47,356 [INFO] PluginManage:359 - Loaded plugin ipmanager (category:base,tabindex:5)
2025-05-27 14:49:47,357 [INFO] PluginManage:310 - Check plugin lpbam
2025-05-27 14:49:47,364 [INFO] PluginManage:359 - Loaded plugin lpbam (category:base,tabindex:0)
2025-05-27 14:49:47,364 [INFO] PluginManage:310 - Check plugin memorymap
2025-05-27 14:49:47,377 [INFO] PluginManage:359 - Loaded plugin memorymap (category:base,tabindex:4)
2025-05-27 14:49:47,378 [INFO] PluginManage:310 - Check plugin pinoutandconfiguration
2025-05-27 14:49:47,388 [INFO] PluginManage:359 - Loaded plugin pinoutandconfiguration (category:base,tabindex:1)
2025-05-27 14:49:47,388 [INFO] PluginManage:310 - Check plugin pinoutconfig
2025-05-27 14:49:47,532 [WARN] SupportedApi:132 - Cannot load RTOS API schema: s4s-elt-must-match.1: The content of 'definitions' must match (annotation?, (simpleType | complexType)?, (unique | key | keyref)*)). A problem was found starting at: attribute.
2025-05-27 14:49:47,704 [INFO] PluginManage:359 - Loaded plugin pinoutconfig (category:base,tabindex:0)
2025-05-27 14:49:47,705 [INFO] PluginManage:310 - Check plugin power
2025-05-27 14:49:47,718 [INFO] PluginManage:359 - Loaded plugin power (category:power,tabindex:4)
2025-05-27 14:49:47,718 [INFO] PluginManage:310 - Check plugin projectmanager
2025-05-27 14:49:47,735 [INFO] PluginManage:359 - Loaded plugin projectmanager (category:projectmanager,tabindex:4)
2025-05-27 14:49:47,736 [INFO] PluginManage:310 - Check plugin rif
2025-05-27 14:49:47,745 [INFO] PluginManage:359 - Loaded plugin rif (category:base,tabindex:3)
2025-05-27 14:49:47,745 [INFO] PluginManage:310 - Check plugin thirdparty
2025-05-27 14:49:47,914 [INFO] PluginManage:359 - Loaded plugin thirdparty (category:base,tabindex:-1)
2025-05-27 14:49:47,914 [WARN] IntegrityCheckThread:84 - waiting for thirdparty lock release [integrity check]
2025-05-27 14:49:47,914 [INFO] PluginManage:310 - Check plugin tools
2025-05-27 14:49:47,914 [INFO] IntegrityCheckThread:86 - entering critical section [integrity check]
2025-05-27 14:49:47,915 [INFO] ThirdPartyUpdaterWithRetryManager:70 - Updater plugin not ready yet. [1/15]
2025-05-27 14:49:47,918 [INFO] PluginManage:359 - Loaded plugin tools (category:base,tabindex:7)
2025-05-27 14:49:47,918 [INFO] PluginManage:310 - Check plugin tutovideos
2025-05-27 14:49:48,089 [INFO] PluginManage:359 - Loaded plugin tutovideos (category:base,tabindex:-1)
2025-05-27 14:49:48,089 [INFO] PluginManage:310 - Check plugin updater
2025-05-27 14:49:48,123 [INFO] PluginManage:359 - Loaded plugin updater (category:base,tabindex:12)
2025-05-27 14:49:48,124 [INFO] PluginManage:310 - Check plugin userauth
2025-05-27 14:49:48,131 [INFO] UserAuth:118 - Init User Auth plugin
2025-05-27 14:49:48,132 [INFO] PluginManage:359 - Loaded plugin userauth (category:base,tabindex:14)
2025-05-27 14:49:48,133 [INFO] PluginManage:283 - PluginManage : Loaded plugins [18]
2025-05-27 14:49:48,392 [INFO] PinOutPanel:1589 - setPackage(No Configuration,No Configuration)
2025-05-27 14:49:48,516 [INFO] CADModel:165 - CPN selected for project level
2025-05-27 14:49:48,516 [INFO] CADModel:114 - Register for checkConnection events
2025-05-27 14:49:48,543 [INFO] IPUIPlugin:80 - create IPUIPlugin
2025-05-27 14:49:48,543 [INFO] PluginManager:220 - loadIPPluginJar : add adc
2025-05-27 14:49:48,546 [INFO] IPUIPlugin:80 - create IPUIPlugin
2025-05-27 14:49:48,547 [INFO] PluginManager:220 - loadIPPluginJar : add aes
2025-05-27 14:49:48,551 [INFO] IPUIPlugin:80 - create IPUIPlugin
2025-05-27 14:49:48,552 [INFO] PluginManager:220 - loadIPPluginJar : add can
2025-05-27 14:49:48,553 [INFO] IPUIPlugin:80 - create IPUIPlugin
2025-05-27 14:49:48,554 [INFO] PluginManager:220 - loadIPPluginJar : add comp
2025-05-27 14:49:48,556 [INFO] IPUIPlugin:80 - create IPUIPlugin
2025-05-27 14:49:48,556 [INFO] PluginManager:220 - loadIPPluginJar : add cryp
2025-05-27 14:49:48,560 [INFO] IPUIPlugin:80 - create IPUIPlugin
2025-05-27 14:49:48,560 [INFO] PluginManager:220 - loadIPPluginJar : add ddr_ctrl_phy
2025-05-27 14:49:48,563 [INFO] IPUIPlugin:80 - create IPUIPlugin
2025-05-27 14:49:48,564 [INFO] PluginManager:220 - loadIPPluginJar : add dfsdm
2025-05-27 14:49:48,571 [INFO] IPUIPlugin:80 - create IPUIPlugin
2025-05-27 14:49:48,572 [INFO] PluginManager:220 - loadIPPluginJar : add dma
2025-05-27 14:49:48,575 [INFO] IPUIPlugin:80 - create IPUIPlugin
2025-05-27 14:49:48,575 [INFO] PluginManager:220 - loadIPPluginJar : add dma3
2025-05-27 14:49:48,577 [INFO] IPUIPlugin:80 - create IPUIPlugin
2025-05-27 14:49:48,578 [INFO] PluginManager:220 - loadIPPluginJar : add extmemmanager
2025-05-27 14:49:48,579 [INFO] IPUIPlugin:80 - create IPUIPlugin
2025-05-27 14:49:48,581 [INFO] PluginManager:220 - loadIPPluginJar : add fatfs
2025-05-27 14:49:48,586 [INFO] IPUIPlugin:80 - create IPUIPlugin
2025-05-27 14:49:48,586 [INFO] PluginManager:220 - loadIPPluginJar : add fmc
2025-05-27 14:49:48,594 [INFO] IPUIPlugin:80 - create IPUIPlugin
2025-05-27 14:49:48,594 [INFO] PluginManager:220 - loadIPPluginJar : add freertos
2025-05-27 14:49:48,597 [INFO] IPUIPlugin:80 - create IPUIPlugin
2025-05-27 14:49:48,597 [INFO] PluginManager:220 - loadIPPluginJar : add genericplugin
2025-05-27 14:49:48,602 [INFO] IPUIPlugin:80 - create IPUIPlugin
2025-05-27 14:49:48,602 [INFO] PluginManager:220 - loadIPPluginJar : add gfxmmu
2025-05-27 14:49:48,608 [INFO] IPUIPlugin:80 - create IPUIPlugin
2025-05-27 14:49:48,608 [INFO] PluginManager:220 - loadIPPluginJar : add gic
2025-05-27 14:49:48,615 [INFO] IPUIPlugin:80 - create IPUIPlugin
2025-05-27 14:49:48,615 [INFO] PluginManager:220 - loadIPPluginJar : add gpio
2025-05-27 14:49:48,620 [INFO] IPUIPlugin:80 - create IPUIPlugin
2025-05-27 14:49:48,620 [INFO] PluginManager:220 - loadIPPluginJar : add gtzc
2025-05-27 14:49:48,623 [INFO] IPUIPlugin:80 - create IPUIPlugin
2025-05-27 14:49:48,624 [INFO] PluginManager:220 - loadIPPluginJar : add hash
2025-05-27 14:49:48,626 [INFO] IPUIPlugin:80 - create IPUIPlugin
2025-05-27 14:49:48,628 [INFO] PluginManager:220 - loadIPPluginJar : add i2c
2025-05-27 14:49:48,632 [INFO] IPUIPlugin:80 - create IPUIPlugin
2025-05-27 14:49:48,633 [INFO] PluginManager:220 - loadIPPluginJar : add i2s
2025-05-27 14:49:48,637 [INFO] IPUIPlugin:80 - create IPUIPlugin
2025-05-27 14:49:48,637 [INFO] PluginManager:220 - loadIPPluginJar : add i3c
2025-05-27 14:49:48,643 [INFO] IPUIPlugin:80 - create IPUIPlugin
2025-05-27 14:49:48,643 [INFO] PluginManager:220 - loadIPPluginJar : add ipddr
2025-05-27 14:49:48,655 [INFO] IPUIPlugin:80 - create IPUIPlugin
2025-05-27 14:49:48,655 [INFO] PluginManager:220 - loadIPPluginJar : add linkedlist
2025-05-27 14:49:48,659 [INFO] IPUIPlugin:80 - create IPUIPlugin
2025-05-27 14:49:48,660 [INFO] PluginManager:220 - loadIPPluginJar : add lorawan
2025-05-27 14:49:48,662 [INFO] IPUIPlugin:80 - create IPUIPlugin
2025-05-27 14:49:48,662 [INFO] PluginManager:220 - loadIPPluginJar : add ltdc
2025-05-27 14:49:48,670 [INFO] IPUIPlugin:80 - create IPUIPlugin
2025-05-27 14:49:48,670 [INFO] PluginManager:220 - loadIPPluginJar : add mdma
2025-05-27 14:49:48,675 [INFO] IPUIPlugin:80 - create IPUIPlugin
2025-05-27 14:49:48,675 [INFO] PluginManager:220 - loadIPPluginJar : add nvic
2025-05-27 14:49:48,679 [INFO] IPUIPlugin:80 - create IPUIPlugin
2025-05-27 14:49:48,680 [INFO] PluginManager:220 - loadIPPluginJar : add opamp
2025-05-27 14:49:48,685 [INFO] IPUIPlugin:80 - create IPUIPlugin
2025-05-27 14:49:48,685 [INFO] PluginManager:220 - loadIPPluginJar : add openamp
2025-05-27 14:49:48,689 [INFO] IPUIPlugin:80 - create IPUIPlugin
2025-05-27 14:49:48,689 [INFO] PluginManager:220 - loadIPPluginJar : add pdm2pcm
2025-05-27 14:49:48,695 [INFO] IPUIPlugin:80 - create IPUIPlugin
2025-05-27 14:49:48,698 [INFO] PluginManager:220 - loadIPPluginJar : add plateformsettings
2025-05-27 14:49:48,700 [INFO] IPUIPlugin:80 - create IPUIPlugin
2025-05-27 14:49:48,700 [INFO] PluginManager:220 - loadIPPluginJar : add quadspi
2025-05-27 14:49:48,702 [INFO] IPUIPlugin:80 - create IPUIPlugin
2025-05-27 14:49:48,703 [INFO] PluginManager:220 - loadIPPluginJar : add radio
2025-05-27 14:49:48,709 [INFO] IPUIPlugin:80 - create IPUIPlugin
2025-05-27 14:49:48,709 [INFO] PluginManager:220 - loadIPPluginJar : add resmgrutility
2025-05-27 14:49:48,712 [INFO] IPUIPlugin:80 - create IPUIPlugin
2025-05-27 14:49:48,712 [INFO] PluginManager:220 - loadIPPluginJar : add sai
2025-05-27 14:49:48,716 [INFO] IPUIPlugin:80 - create IPUIPlugin
2025-05-27 14:49:48,716 [INFO] PluginManager:220 - loadIPPluginJar : add spi
2025-05-27 14:49:48,721 [INFO] IPUIPlugin:80 - create IPUIPlugin
2025-05-27 14:49:48,722 [INFO] PluginManager:220 - loadIPPluginJar : add stm32_wpan
2025-05-27 14:49:48,724 [INFO] IPUIPlugin:80 - create IPUIPlugin
2025-05-27 14:49:48,724 [INFO] PluginManager:220 - loadIPPluginJar : add tim
2025-05-27 14:49:48,727 [INFO] IPUIPlugin:80 - create IPUIPlugin
2025-05-27 14:49:48,728 [INFO] PluginManager:220 - loadIPPluginJar : add touchsensing
2025-05-27 14:49:48,731 [INFO] IPUIPlugin:80 - create IPUIPlugin
2025-05-27 14:49:48,731 [INFO] PluginManager:220 - loadIPPluginJar : add tracer_emb
2025-05-27 14:49:48,735 [INFO] IPUIPlugin:80 - create IPUIPlugin
2025-05-27 14:49:48,735 [INFO] PluginManager:220 - loadIPPluginJar : add ts
2025-05-27 14:49:48,737 [INFO] IPUIPlugin:80 - create IPUIPlugin
2025-05-27 14:49:48,737 [INFO] PluginManager:220 - loadIPPluginJar : add tsc
2025-05-27 14:49:48,740 [INFO] IPUIPlugin:80 - create IPUIPlugin
2025-05-27 14:49:48,740 [INFO] PluginManager:220 - loadIPPluginJar : add ucpd
2025-05-27 14:49:48,744 [INFO] IPUIPlugin:80 - create IPUIPlugin
2025-05-27 14:49:48,744 [INFO] PluginManager:220 - loadIPPluginJar : add usart
2025-05-27 14:49:48,749 [INFO] IPUIPlugin:80 - create IPUIPlugin
2025-05-27 14:49:48,749 [INFO] PluginManager:220 - loadIPPluginJar : add usbx
2025-05-27 14:49:48,906 [FATAL] Updater:351 - Updater called before beeing initialized
2025-05-27 14:49:48,948 [INFO] RulesReader:64 - Compatibility file has been processed (301 Rules)
2025-05-27 14:49:48,962 [INFO] RulesReader:64 - Compatibility file has been processed (301 Rules)
2025-05-27 14:49:48,974 [INFO] CADModel:165 - CPN selected for project level
2025-05-27 14:49:48,974 [INFO] CADModel:114 - Register for checkConnection events
2025-05-27 14:49:48,974 [FATAL] Updater:351 - Updater called before beeing initialized
2025-05-27 14:49:48,974 [ERROR] CADModel:125 - Updater not yet initialized, retry later 
2025-05-27 14:49:49,178 [FATAL] Updater:351 - Updater called before beeing initialized
2025-05-27 14:49:49,181 [INFO] CADModel:165 - CPN selected for project level
2025-05-27 14:49:49,181 [INFO] CADModel:114 - Register for checkConnection events
2025-05-27 14:49:49,181 [FATAL] Updater:351 - Updater called before beeing initialized
2025-05-27 14:49:49,182 [ERROR] CADModel:125 - Updater not yet initialized, retry later 
2025-05-27 14:49:49,184 [FATAL] Updater:351 - Updater called before beeing initialized
2025-05-27 14:49:49,303 [FATAL] Updater:351 - Updater called before beeing initialized
2025-05-27 14:49:49,308 [INFO] DbMcusAds:53 - JSON generation date=Thu Mar 06 15:54:21 CET 2025 (1741272861825)
2025-05-27 14:49:49,308 [FATAL] Updater:351 - Updater called before beeing initialized
2025-05-27 14:49:49,353 [WARN] DetailPanel:346 - Failed to get advertising image, set to default
2025-05-27 14:49:49,582 [FATAL] Updater:351 - Updater called before beeing initialized
2025-05-27 14:49:49,584 [FATAL] Updater:351 - Updater called before beeing initialized
2025-05-27 14:49:49,584 [FATAL] Updater:351 - Updater called before beeing initialized
2025-05-27 14:49:49,584 [WARN] DetailPanel:346 - Failed to get advertising image, set to default
2025-05-27 14:49:49,585 [FATAL] Updater:351 - Updater called before beeing initialized
2025-05-27 14:49:49,639 [ERROR] Updater:1198 - MainUpdater not yet initialized. External WinMGr cannot be set.
2025-05-27 14:49:49,641 [INFO] Updater:1134 - Updater Version found : 6.14.0
2025-05-27 14:49:49,665 [INFO] ApplicationProperties:184 - Using Application install path: C:\ST\STM32CubeIDE_1.18.0\STM32CubeIDE\plugins\com.st.stm32cube.common.mx_6.14.0.202502271554
2025-05-27 14:49:50,916 [INFO] ThirdPartyUpdaterWithRetryManager:70 - Updater plugin not ready yet. [2/15]
2025-05-27 14:49:51,236 [ERROR] LogOutputStream:75 - [STDERR_REDIRECT] May 27, 2025 2:49:51 PM java.util.prefs.WindowsPreferences <init>
2025-05-27 14:49:51,238 [ERROR] LogOutputStream:75 - [STDERR_REDIRECT] WARNING: Could not open/create prefs root node Software\JavaSoft\Prefs at root 0xffffffff80000002. Windows RegCreateKeyEx(...) returned error code 5.
2025-05-27 14:49:51,238 [ERROR] LogOutputStream:75 - [STDERR_REDIRECT] 
2025-05-27 14:49:51,690 [INFO] MainUpdater:2872 - connection check result : 10
2025-05-27 14:49:51,690 [INFO] MainUpdater:3566 - Updater definition file requires update
2025-05-27 14:49:51,691 [INFO] MainUpdater:289 - Updater Check For Update Now.
2025-05-27 14:49:51,691 [INFO] MicroXplorer:498 - Change Database Version : DB.6.0.140
2025-05-27 14:49:51,697 [INFO] McuFinderGlobals:63 - Set McuFinder mode to 2 (CubeIDE integrated)
2025-05-27 14:49:51,698 [INFO] UserAuth:486 - Internet connection configuration mode: 1
2025-05-27 14:49:51,736 [INFO] JxBrowserEngine:152 - Initiate JxBrowser Engine with user profile folder
2025-05-27 14:49:51,744 [INFO] ServerAccessManage:473 - Download File updaters.zip
2025-05-27 14:49:52,057 [INFO] FileExtend:242 - Unzip File : updaters.zip
2025-05-27 14:49:52,057 [INFO] FileExtend:257 - Standard Zip Deflate
2025-05-27 14:49:52,589 [INFO] ServerAccessManage:473 - Download File PacksControlFlags.xml
2025-05-27 14:49:52,745 [INFO] ServerAccessManage:473 - Download File cubemx.pidx
2025-05-27 14:49:52,965 [INFO] LoadServerUpdatesThread:375 - End of LoadServerUpdate Thread
2025-05-27 14:49:53,276 [INFO] CheckServerUpdateThread:120 - End of CheckServer Thread
2025-05-27 14:49:53,991 [INFO] WebApp:169 - Instantiating new browser for Auth
2025-05-27 14:49:54,654 [WARN] PackLoader:240 - Cannot read IP mode file for STMicroelectronics.FP-SNS-MOTENVWB1.1.4.0
2025-05-27 14:49:54,674 [WARN] PackLoader:240 - Cannot read IP mode file for STMicroelectronics.FP-ATR-ASTRA1.2.0.2
2025-05-27 14:49:54,690 [WARN] PackLoader:240 - Cannot read IP mode file for STMicroelectronics.X-CUBE-SMBUS.2.1.0
2025-05-27 14:49:54,706 [WARN] PackLoader:240 - Cannot read IP mode file for STMicroelectronics.X-CUBE-WB05N.1.1.0
2025-05-27 14:49:54,755 [WARN] PackLoader:240 - Cannot read IP mode file for STMicroelectronics.X-CUBE-AZRTOS-F7.1.1.0
2025-05-27 14:49:54,801 [WARN] PackLoader:240 - Cannot read IP mode file for Infineon.AIROC-Wi-Fi-Bluetooth-STM32.1.7.0
2025-05-27 14:49:54,817 [WARN] PackLoader:240 - Cannot read IP mode file for STMicroelectronics.X-CUBE-DISPLAY.3.0.0
2025-05-27 14:49:54,841 [WARN] PackLoader:240 - Cannot read IP mode file for STMicroelectronics.X-CUBE-NFC10.1.0.0
2025-05-27 14:49:54,866 [WARN] PackLoader:240 - Cannot read IP mode file for STMicroelectronics.X-CUBE-BLEMGR.4.0.0
2025-05-27 14:49:54,886 [WARN] PackLoader:240 - Cannot read IP mode file for emotas.I-CUBE-CANOPEN.1.3.0
2025-05-27 14:49:54,894 [WARN] ConditionMgr:438 - getConditionDescription Invalid condition id : Cortex-A Device cause : null
2025-05-27 14:49:54,914 [WARN] ConditionMgr:1044 - genDependencies : Invalid condition id : Cortex-A Device cause : null
2025-05-27 14:49:54,915 [WARN] ConditionMgr:1044 - genDependencies : Invalid condition id : Cortex-A Device cause : null
2025-05-27 14:49:54,915 [WARN] ConditionMgr:1044 - genDependencies : Invalid condition id : Cortex-A Device cause : null
2025-05-27 14:49:54,923 [WARN] PackLoader:240 - Cannot read IP mode file for STMicroelectronics.X-CUBE-AI.10.0.0
2025-05-27 14:49:54,933 [WARN] PackLoader:240 - Cannot read IP mode file for STMicroelectronics.FP-SNS-SMARTAG2.1.2.0
2025-05-27 14:49:54,941 [WARN] PackLoader:240 - Cannot read IP mode file for STMicroelectronics.FP-SNS-FLIGHT1.5.1.0
2025-05-27 14:49:55,051 [WARN] PackLoader:240 - Cannot read IP mode file for STMicroelectronics.X-CUBE-MEMS1.11.1.0
2025-05-27 14:49:55,389 [INFO] LogOutputStream:77 - [STDOUT_REDIRECT] 1 : Invalid condition id : UX_CORESTACK_Condition cause : null
2025-05-27 14:49:55,389 [INFO] LogOutputStream:77 - [STDOUT_REDIRECT] 1 : Invalid condition id : UX_CORESTACK_Condition cause : null
2025-05-27 14:49:55,391 [INFO] LogOutputStream:77 - [STDOUT_REDIRECT] 1 : Invalid condition id : UX_CORESTACK_Condition cause : null
2025-05-27 14:49:55,393 [INFO] LogOutputStream:77 - [STDOUT_REDIRECT] 1 : Invalid condition id : UX_CORESTACK_Condition cause : null
2025-05-27 14:49:55,397 [INFO] LogOutputStream:77 - [STDOUT_REDIRECT] 1 : Invalid condition id : UX_CORESTACK_Condition cause : null
2025-05-27 14:49:55,402 [WARN] PackLoader:240 - Cannot read IP mode file for STMicroelectronics.X-CUBE-AZRTOS-WL.2.0.0
2025-05-27 14:49:55,411 [WARN] PackLoader:240 - Cannot read IP mode file for STMicroelectronics.FP-SNS-MOTENV1.5.0.0
2025-05-27 14:49:55,423 [WARN] PackLoader:240 - Cannot read IP mode file for WES.I-CUBE-Cesium.1.3.0
2025-05-27 14:49:55,435 [WARN] PackLoader:240 - Cannot read IP mode file for STMicroelectronics.X-CUBE-BLE2.3.3.0
2025-05-27 14:49:55,452 [WARN] PackLoader:240 - Cannot read IP mode file for STMicroelectronics.X-CUBE-NFC9.1.0.0
2025-05-27 14:49:55,485 [WARN] PackLoader:240 - Cannot read IP mode file for STMicroelectronics.X-CUBE-BLE1.7.1.0
2025-05-27 14:49:55,499 [WARN] PackLoader:240 - Cannot read IP mode file for wolfSSL.I-CUBE-wolfMQTT.1.19.2
2025-05-27 14:49:55,534 [INFO] WebApp:463 - Apply proxy settings
2025-05-27 14:49:55,535 [INFO] WebApp:548 - Chromium requires no authentication
2025-05-27 14:49:55,552 [INFO] WebApp:491 - Direct internet connection detected
2025-05-27 14:49:55,590 [WARN] PackLoader:240 - Cannot read IP mode file for STMicroelectronics.X-CUBE-MEMS1.11.2.0
2025-05-27 14:49:55,603 [INFO] WebApp:894 - Register for checkConnection events
2025-05-27 14:49:55,603 [INFO] WebApp:463 - Apply proxy settings
2025-05-27 14:49:55,603 [INFO] WebApp:548 - Chromium requires no authentication
2025-05-27 14:49:55,610 [INFO] WebApp:491 - Direct internet connection detected
2025-05-27 14:49:55,745 [WARN] PackLoader:240 - Cannot read IP mode file for STMicroelectronics.X-CUBE-AZRTOS-G0.1.1.0
2025-05-27 14:49:55,756 [WARN] PackLoader:240 - Cannot read IP mode file for STMicroelectronics.X-CUBE-SAFEA1.1.2.2
2025-05-27 14:49:55,768 [WARN] PackLoader:240 - Cannot read IP mode file for STMicroelectronics.X-CUBE-NFC4.3.0.0
2025-05-27 14:49:55,780 [WARN] PackLoader:240 - Cannot read IP mode file for EmbeddedOffice.I-CUBE-FS-RTOS.1.0.1
2025-05-27 14:49:55,787 [WARN] PackLoader:240 - Cannot read IP mode file for STMicroelectronics.X-CUBE-WB05N.2.0.0
2025-05-27 14:49:55,802 [WARN] PackLoader:240 - Cannot read IP mode file for wolfSSL.I-CUBE-wolfTPM.3.8.0
2025-05-27 14:49:55,811 [WARN] PackLoader:240 - Cannot read IP mode file for STMicroelectronics.X-CUBE-TCPP.4.2.0
2025-05-27 14:49:55,825 [WARN] PackLoader:240 - Cannot read IP mode file for RealThread.X-CUBE-RT-Thread_Nano.4.1.1
2025-05-27 14:49:55,833 [WARN] PackLoader:240 - Cannot read IP mode file for STMicroelectronics.FP-ATR-SIGFOX1.3.2.0
2025-05-27 14:49:55,847 [WARN] PackLoader:240 - Cannot read IP mode file for STMicroelectronics.X-CUBE-EEPRMA1.5.1.0
2025-05-27 14:49:55,860 [WARN] PackLoader:240 - Cannot read IP mode file for wolfSSL.I-CUBE-wolfSSL.5.7.6
2025-05-27 14:49:55,864 [INFO] WebApp:191 - Connection restablished
2025-05-27 14:49:55,873 [WARN] PackLoader:240 - Cannot read IP mode file for ITTIA_DB.I-CUBE-ITTIADB.8.9.0
2025-05-27 14:49:55,928 [WARN] PackLoader:240 - Cannot read IP mode file for SEGGER.I-CUBE-embOS.1.3.1
2025-05-27 14:49:56,013 [WARN] PackLoader:240 - Cannot read IP mode file for STMicroelectronics.X-CUBE-ALGOBUILD.1.4.0
2025-05-27 14:49:56,042 [WARN] PackLoader:240 - Cannot read IP mode file for STMicroelectronics.X-CUBE-AZRTOS-F4.1.1.0
2025-05-27 14:49:56,052 [WARN] PackLoader:240 - Cannot read IP mode file for Avnet-IotConnect.X-CUBE-IoTC-DA16k-PMOD.1.0.0
2025-05-27 14:49:56,058 [WARN] PackLoader:240 - Cannot read IP mode file for STMicroelectronics.X-CUBE-ISPU.2.1.0
2025-05-27 14:49:56,063 [INFO] WebApp:225 - Starting web application
2025-05-27 14:49:56,063 [INFO] WebApp:593 - Web application path used C:\ST\STM32CubeIDE_1.18.0\STM32CubeIDE\plugins\com.st.stm32cube.common.mx_6.14.0.202502271554\db\plugins\mcufinder\reactClient1\index.html
2025-05-27 14:49:56,081 [WARN] PackLoader:240 - Cannot read IP mode file for STMicroelectronics.X-CUBE-AZRTOS-L5.2.0.0
2025-05-27 14:49:56,093 [WARN] PackLoader:240 - Cannot read IP mode file for STMicroelectronics.X-CUBE-NFC6.3.1.0
2025-05-27 14:49:56,106 [WARN] PackLoader:240 - Cannot read IP mode file for STMicroelectronics.X-CUBE-FREERTOS.1.3.1
2025-05-27 14:49:56,114 [WARN] PackLoader:240 - Cannot read IP mode file for STMicroelectronics.X-CUBE-FREERTOS.1.3.0
2025-05-27 14:49:56,121 [WARN] PackLoader:240 - Cannot read IP mode file for STMicroelectronics.X-CUBE-NFC7.1.0.1
2025-05-27 14:49:56,133 [WARN] PackLoader:240 - Cannot read IP mode file for STMicroelectronics.X-CUBE-DPower.1.3.0
2025-05-27 14:49:56,165 [WARN] ConditionMgr:438 - getConditionDescription Invalid condition id : LAN8742 Phy interface Condition cause : null
2025-05-27 14:49:56,165 [WARN] PackLoader:240 - Cannot read IP mode file for STMicroelectronics.X-CUBE-AZRTOS-L4.2.0.0
2025-05-27 14:49:56,167 [WARN] ConditionMgr:1044 - genDependencies : Invalid condition id : LAN8742 Phy interface Condition cause : null
2025-05-27 14:49:56,167 [WARN] ConditionMgr:1044 - genDependencies : Invalid condition id : LAN8742 Phy interface Condition cause : null
2025-05-27 14:49:56,169 [WARN] ConditionMgr:1044 - genDependencies : Invalid condition id : LAN8742 Phy interface Condition cause : null
2025-05-27 14:49:56,187 [WARN] PackLoader:240 - Cannot read IP mode file for STMicroelectronics.X-CUBE-SFXS2LP1.4.0.0
2025-05-27 14:49:56,216 [WARN] PackLoader:240 - Cannot read IP mode file for STMicroelectronics.X-CUBE-AZRTOS-H7.3.3.0
2025-05-27 14:49:56,245 [WARN] ConditionMgr:438 - getConditionDescription Invalid condition id : UX DEVICE CLASS RTOS Condition cause : null
2025-05-27 14:49:56,247 [WARN] ConditionMgr:438 - getConditionDescription Invalid condition id : UX DEVICE CLASS RTOS Condition cause : null
2025-05-27 14:49:56,251 [WARN] PackLoader:240 - Cannot read IP mode file for STMicroelectronics.X-CUBE-AZRTOS-WB.2.0.0
2025-05-27 14:49:56,251 [WARN] ConditionMgr:1044 - genDependencies : Invalid condition id : UX DEVICE CLASS RTOS Condition cause : null
2025-05-27 14:49:56,252 [WARN] ConditionMgr:1044 - genDependencies : Invalid condition id : UX DEVICE CLASS RTOS Condition cause : null
2025-05-27 14:49:56,252 [WARN] ConditionMgr:1044 - genDependencies : Invalid condition id : UX DEVICE CLASS RTOS Condition cause : null
2025-05-27 14:49:56,254 [WARN] ConditionMgr:1044 - genDependencies : Invalid condition id : UX DEVICE CLASS RTOS Condition cause : null
2025-05-27 14:49:56,254 [WARN] ConditionMgr:1044 - genDependencies : Invalid condition id : UX DEVICE CLASS RTOS Condition cause : null
2025-05-27 14:49:56,270 [WARN] PackLoader:240 - Cannot read IP mode file for STMicroelectronics.X-CUBE-GNSS1.7.0.1
2025-05-27 14:49:56,280 [WARN] PackLoader:240 - Cannot read IP mode file for STMicroelectronics.X-CUBE-TOUCHGFX.4.25.0
2025-05-27 14:49:56,290 [WARN] PackLoader:240 - Cannot read IP mode file for STMicroelectronics.FP-SNS-STBOX1.2.0.0
2025-05-27 14:49:56,315 [WARN] PackLoader:240 - Cannot read IP mode file for STMicroelectronics.X-CUBE-SUBG2.5.0.0
2025-05-27 14:49:56,349 [WARN] PackLoader:240 - Cannot read IP mode file for STMicroelectronics.X-CUBE-AZRTOS-H7RS.1.1.0
2025-05-27 14:49:56,359 [WARN] PackLoader:240 - Cannot read IP mode file for Cesanta.I-CUBE-Mongoose.7.13.0
2025-05-27 14:49:56,379 [WARN] PackLoader:240 - Cannot read IP mode file for STMicroelectronics.X-CUBE-AZRTOS-G4.2.0.0
2025-05-27 14:49:56,386 [WARN] PackLoader:240 - Cannot read IP mode file for wolfSSL.I-CUBE-wolfSSH.1.4.20
2025-05-27 14:49:56,392 [WARN] PackLoader:240 - Cannot read IP mode file for STMicroelectronics.X-CUBE-NFC7.2.0.0
2025-05-27 14:49:56,402 [INFO] UserAuth:486 - Internet connection configuration mode: 1
2025-05-27 14:49:56,410 [WARN] PackLoader:240 - Cannot read IP mode file for STMicroelectronics.X-CUBE-IPS.3.1.0
2025-05-27 14:49:56,421 [WARN] PackLoader:240 - Cannot read IP mode file for STMicroelectronics.X-CUBE-ALS.1.0.2
2025-05-27 14:49:56,432 [WARN] PackLoader:240 - Cannot read IP mode file for portGmbH.I-Cube-SoM-uGOAL.1.1.0
2025-05-27 14:49:56,449 [WARN] PackLoader:240 - Cannot read IP mode file for STMicroelectronics.X-CUBE-TOF1.3.4.2
2025-05-27 14:49:56,474 [WARN] PackLoader:240 - Cannot read IP mode file for STMicroelectronics.X-CUBE-TOF1.3.4.3
2025-05-27 14:49:56,489 [INFO] ThirdParty:978 - Integrity check success = true
2025-05-27 14:49:56,491 [INFO] IntegrityCheckThread:100 - exiting critical section [integrity check]
2025-05-27 14:49:56,491 [INFO] IntegrityCheckThread:103 - End integrity checks thread
2025-05-27 15:05:15,044 [INFO] WebApp:194 - Connection lost
2025-05-27 15:05:16,253 [INFO] WebApp:191 - Connection restablished
2025-05-27 15:05:20,528 [INFO] WebApp:194 - Connection lost
2025-05-27 15:05:21,332 [INFO] WebApp:191 - Connection restablished
2025-05-27 15:06:23,518 [INFO] WebApp:194 - Connection lost
2025-05-27 15:06:26,866 [INFO] WebApp:191 - Connection restablished
2025-05-27 15:13:33,264 [INFO] WebApp:194 - Connection lost
2025-05-27 15:13:49,257 [INFO] WebApp:191 - Connection restablished
2025-05-27 15:20:41,113 [INFO] WebApp:403 - JxBrowser engine has been closed 
